Arguments: 
  /Users/bram/.nvm/versions/node/v6.9.2/bin/node /usr/local/bin/yarn install

PATH: 
  /Users/bram/.nvm/versions/node/v6.9.2/bin:./node_modules/.bin:/usr/local/bin:/usr/bin:/bin:/usr/sbin:/sbin:/Users/bram/.rvm/bin:/Users/bram/.rvm/bin:/usr/local/bin

Yarn version: 
  0.17.10

Node version: 
  6.9.2

Platform: 
  darwin x64

npm manifest: 
  {
    "name": "generator-kirby",
    "version": "0.1.3",
    "description": "Scaffold out a kirby 2.0 cms website and a grunt build set up with php server",
    "license": "MIT",
    "main": "app/index.js",
    "repository": "",
    "author": "Bram Loosveld",
    "engines": {
      "node": ">=0.10.0",
      "npm": ">=1.3"
    },
    "files": [
      "app"
    ],
    "keywords": [
      "yeoman-generator",
      "web",
      "app",
      "front-end",
      "KirbyCMS",
      "Kirby",
      "modernizr",
      "jquery",
      "grunt",
      "SaSS"
    ],
    "dependencies": {
      "yeoman-generator": "~0.16.0",
      "chalk": "~0.4.0"
    },
    "devDependencies": {
      "bcrypt": "^0.8.0",
      "blanket": "~1.1.0",
      "coveralls": "~2.10.0",
      "mocha": "~1.18.0",
      "mocha-lcov-reporter": "~0.0.1"
    },
    "peerDependencies": {
      "yo": ">=1.1.0"
    },
    "scripts": {
      "test": "mocha --require blanket --reporter mocha-lcov-reporter | ./node_modules/coveralls/bin/coveralls.js"
    },
    "config": {
      "blanket": {
        "pattern": "app/index.js"
      }
    }
  }

yarn manifest: 
  No manifest

Lockfile: 
  No lockfile

Trace: 
  Error: https://registry.yarnpkg.com/htmlparser2/-/htmlparser2-3.4.0.tgz: invalid tar file
      at Extract.Parse._startEntry (/usr/local/Cellar/yarn/0.17.10/libexec/lib/node_modules/yarn/node_modules/tar/lib/parse.js:149:13)
      at Extract.Parse._process (/usr/local/Cellar/yarn/0.17.10/libexec/lib/node_modules/yarn/node_modules/tar/lib/parse.js:131:12)
      at BlockStream.<anonymous> (/usr/local/Cellar/yarn/0.17.10/libexec/lib/node_modules/yarn/node_modules/tar/lib/parse.js:47:8)
      at emitOne (events.js:96:13)
      at BlockStream.emit (events.js:188:7)
      at BlockStream._emitChunk (/usr/local/Cellar/yarn/0.17.10/libexec/lib/node_modules/yarn/node_modules/block-stream/block-stream.js:145:10)
      at BlockStream.flush (/usr/local/Cellar/yarn/0.17.10/libexec/lib/node_modules/yarn/node_modules/block-stream/block-stream.js:70:8)
      at BlockStream.end (/usr/local/Cellar/yarn/0.17.10/libexec/lib/node_modules/yarn/node_modules/block-stream/block-stream.js:66:8)
      at Extract.Parse.end (/usr/local/Cellar/yarn/0.17.10/libexec/lib/node_modules/yarn/node_modules/tar/lib/parse.js:86:23)
      at UnpackStream.onend (_stream_readable.js:511:10)
